{"/home/anbreaker/Escritorio/kairosFormacion/VanillaJavaScript/src/app/calc.js": {"path":"/home/anbreaker/Escritorio/kairosFormacion/VanillaJavaScript/src/app/calc.js","statementMap":{"0":{"start":{"line":3,"column":4},"end":{"line":3,"column":17}},"1":{"start":{"line":7,"column":4},"end":{"line":7,"column":17}}},"fnMap":{"0":{"name":"(anonymous_0)","decl":{"start":{"line":2,"column":2},"end":{"line":2,"column":3}},"loc":{"start":{"line":2,"column":12},"end":{"line":4,"column":3}},"line":2},"1":{"name":"(anonymous_1)","decl":{"start":{"line":6,"column":2},"end":{"line":6,"column":3}},"loc":{"start":{"line":6,"column":14},"end":{"line":8,"column":3}},"line":6}},"branchMap":{},"s":{"0":1,"1":1},"f":{"0":1,"1":1},"b":{},"_coverageSchema":"1a1c01bbd47fc00a2c39e90264f33305004495a9","hash":"f6c1a0928a66f3e95b1f0fa0180fa95a3373fb69"}
}
